<?xml version="1.0" encoding="UTF-8"?>
<coverage generated="1748270019523" clover="3.2.0">
  <project timestamp="1748270019523" name="All files">
    <metrics statements="54" coveredstatements="53" conditionals="35" coveredconditionals="27" methods="11" coveredmethods="11" elements="100" coveredelements="91" complexity="0" loc="54" ncloc="54" packages="2" files="5" classes="5"/>
    <package name="Button">
      <metrics statements="7" coveredstatements="7" conditionals="7" coveredconditionals="7" methods="1" coveredmethods="1"/>
      <file name="Button.tsx" path="E:\vscode\component-lib\Forge_Design\src\components\Button\Button.tsx">
        <metrics statements="7" coveredstatements="7" conditionals="7" coveredconditionals="7" methods="1" coveredmethods="1"/>
        <line num="55" count="1" type="stmt"/>
        <line num="64" count="4" type="stmt"/>
        <line num="70" count="4" type="cond" truecount="4" falsecount="0"/>
        <line num="73" count="1" type="stmt"/>
        <line num="74" count="1" type="stmt"/>
        <line num="81" count="3" type="stmt"/>
        <line num="82" count="3" type="stmt"/>
      </file>
    </package>
    <package name="Menu">
      <metrics statements="47" coveredstatements="46" conditionals="28" coveredconditionals="20" methods="10" coveredmethods="10"/>
      <file name="Menu.tsx" path="E:\vscode\component-lib\Forge_Design\src\components\Menu\Menu.tsx">
        <metrics statements="17" coveredstatements="16" conditionals="11" coveredconditionals="7" methods="4" coveredmethods="4"/>
        <line num="36" count="1" type="stmt"/>
        <line num="39" count="1" type="stmt"/>
        <line num="47" count="8" type="stmt"/>
        <line num="48" count="8" type="stmt"/>
        <line num="52" count="8" type="stmt"/>
        <line num="53" count="2" type="stmt"/>
        <line num="54" count="2" type="stmt"/>
        <line num="56" count="8" type="stmt"/>
        <line num="62" count="8" type="stmt"/>
        <line num="63" count="8" type="stmt"/>
        <line num="64" count="32" type="cond" truecount="1" falsecount="1"/>
        <line num="65" count="32" type="stmt"/>
        <line num="66" count="32" type="stmt"/>
        <line num="67" count="32" type="cond" truecount="3" falsecount="1"/>
        <line num="68" count="32" type="stmt"/>
        <line num="71" count="0" type="stmt"/>
        <line num="74" count="8" type="stmt"/>
      </file>
      <file name="index.tsx" path="E:\vscode\component-lib\Forge_Design\src\components\Menu\index.tsx">
        <metrics statements="3" coveredstatements="3" conditionals="0" coveredconditionals="0" methods="0" coveredmethods="0"/>
        <line num="17" count="1" type="stmt"/>
        <line num="18" count="1" type="stmt"/>
        <line num="19" count="1" type="stmt"/>
      </file>
      <file name="menuItem.tsx" path="E:\vscode\component-lib\Forge_Design\src\components\Menu\menuItem.tsx">
        <metrics statements="8" coveredstatements="8" conditionals="6" coveredconditionals="5" methods="2" coveredmethods="2"/>
        <line num="11" count="1" type="stmt"/>
        <line num="18" count="36" type="stmt"/>
        <line num="19" count="36" type="stmt"/>
        <line num="23" count="36" type="stmt"/>
        <line num="24" count="3" type="cond" truecount="5" falsecount="0"/>
        <line num="25" count="2" type="stmt"/>
        <line num="29" count="36" type="stmt"/>
        <line num="35" count="1" type="stmt"/>
      </file>
      <file name="subMenu.tsx" path="E:\vscode\component-lib\Forge_Design\src\components\Menu\subMenu.tsx">
        <metrics statements="19" coveredstatements="19" conditionals="11" coveredconditionals="8" methods="4" coveredmethods="4"/>
        <line num="13" count="1" type="stmt"/>
        <line num="19" count="12" type="stmt"/>
        <line num="20" count="12" type="stmt"/>
        <line num="22" count="12" type="cond" truecount="4" falsecount="0"/>
        <line num="25" count="12" type="stmt"/>
        <line num="27" count="12" type="stmt"/>
        <line num="32" count="12" type="stmt"/>
        <line num="33" count="4" type="stmt"/>
        <line num="36" count="12" type="stmt"/>
        <line num="37" count="12" type="stmt"/>
        <line num="41" count="12" type="stmt"/>
        <line num="42" count="12" type="stmt"/>
        <line num="43" count="12" type="cond" truecount="1" falsecount="1"/>
        <line num="44" count="12" type="stmt"/>
        <line num="45" count="12" type="cond" truecount="1" falsecount="1"/>
        <line num="46" count="12" type="stmt"/>
        <line num="51" count="12" type="stmt"/>
        <line num="54" count="12" type="stmt"/>
        <line num="73" count="1" type="stmt"/>
      </file>
    </package>
  </project>
</coverage>
