{"E:\\vscode\\component-lib\\Forge_Design\\src\\components\\Button\\Button.tsx": {"path":"E:\\vscode\\component-lib\\Forge_Design\\src\\components\\Button\\Button.tsx","statementMap":{"0":{"start":{"line":48,"column":45},"end":{"line":82,"column":1}},"1":{"start":{"line":57,"column":18},"end":{"line":62,"column":4}},"2":{"start":{"line":64,"column":2},"end":{"line":81,"column":3}},"3":{"start":{"line":67,"column":6},"end":{"line":67,"column":64}},"4":{"start":{"line":68,"column":4},"end":{"line":72,"column":6}},"5":{"start":{"line":75,"column":6},"end":{"line":75,"column":64}},"6":{"start":{"line":76,"column":4},"end":{"line":80,"column":6}}},"fnMap":{"0":{"name":"(anonymous_0)","decl":{"start":{"line":48,"column":45},"end":{"line":48,"column":46}},"loc":{"start":{"line":56,"column":6},"end":{"line":82,"column":1}},"line":56}},"branchMap":{"0":{"loc":{"start":{"line":50,"column":2},"end":{"line":50,"column":26}},"type":"default-arg","locations":[{"start":{"line":50,"column":9},"end":{"line":50,"column":26}}],"line":50},"1":{"loc":{"start":{"line":51,"column":2},"end":{"line":51,"column":30}},"type":"default-arg","locations":[{"start":{"line":51,"column":12},"end":{"line":51,"column":30}}],"line":51},"2":{"loc":{"start":{"line":52,"column":2},"end":{"line":52,"column":16}},"type":"default-arg","locations":[{"start":{"line":52,"column":11},"end":{"line":52,"column":16}}],"line":52},"3":{"loc":{"start":{"line":64,"column":2},"end":{"line":81,"column":3}},"type":"if","locations":[{"start":{"line":64,"column":2},"end":{"line":81,"column":3}},{"start":{"line":73,"column":9},"end":{"line":81,"column":3}}],"line":64},"4":{"loc":{"start":{"line":64,"column":6},"end":{"line":64,"column":41}},"type":"binary-expr","locations":[{"start":{"line":64,"column":6},"end":{"line":64,"column":33}},{"start":{"line":64,"column":37},"end":{"line":64,"column":41}}],"line":64}},"s":{"0":1,"1":4,"2":4,"3":1,"4":1,"5":3,"6":3},"f":{"0":4},"b":{"0":[3],"1":[2],"2":[3],"3":[1,3],"4":[4,1]},"_coverageSchema":"1a1c01bbd47fc00a2c39e90264f33305004495a9","hash":"1d9c92352187ea7039ebc55672969410123ffade"}
,"E:\\vscode\\component-lib\\Forge_Design\\src\\components\\Menu\\menu.tsx": {"path":"E:\\vscode\\component-lib\\Forge_Design\\src\\components\\Menu\\menu.tsx","statementMap":{"0":{"start":{"line":33,"column":27},"end":{"line":33,"column":76}},"1":{"start":{"line":34,"column":41},"end":{"line":76,"column":1}},"2":{"start":{"line":42,"column":37},"end":{"line":42,"column":59}},"3":{"start":{"line":43,"column":18},"end":{"line":46,"column":4}},"4":{"start":{"line":47,"column":22},"end":{"line":50,"column":3}},"5":{"start":{"line":48,"column":4},"end":{"line":48,"column":21}},"6":{"start":{"line":49,"column":4},"end":{"line":49,"column":22}},"7":{"start":{"line":51,"column":38},"end":{"line":56,"column":3}},"8":{"start":{"line":57,"column":25},"end":{"line":68,"column":3}},"9":{"start":{"line":58,"column":4},"end":{"line":67,"column":7}},"10":{"start":{"line":59,"column":6},"end":{"line":65,"column":7}},"11":{"start":{"line":60,"column":29},"end":{"line":60,"column":71}},"12":{"start":{"line":61,"column":32},"end":{"line":61,"column":72}},"13":{"start":{"line":62,"column":8},"end":{"line":64,"column":9}},"14":{"start":{"line":63,"column":10},"end":{"line":63,"column":79}},"15":{"start":{"line":66,"column":6},"end":{"line":66,"column":18}},"16":{"start":{"line":69,"column":2},"end":{"line":75,"column":4}}},"fnMap":{"0":{"name":"(anonymous_0)","decl":{"start":{"line":34,"column":41},"end":{"line":34,"column":42}},"loc":{"start":{"line":41,"column":6},"end":{"line":76,"column":1}},"line":41},"1":{"name":"(anonymous_1)","decl":{"start":{"line":47,"column":22},"end":{"line":47,"column":23}},"loc":{"start":{"line":47,"column":41},"end":{"line":50,"column":3}},"line":47},"2":{"name":"(anonymous_2)","decl":{"start":{"line":57,"column":25},"end":{"line":57,"column":26}},"loc":{"start":{"line":57,"column":31},"end":{"line":68,"column":3}},"line":57},"3":{"name":"(anonymous_3)","decl":{"start":{"line":58,"column":40},"end":{"line":58,"column":41}},"loc":{"start":{"line":58,"column":58},"end":{"line":67,"column":5}},"line":58}},"branchMap":{"0":{"loc":{"start":{"line":35,"column":2},"end":{"line":35,"column":20}},"type":"default-arg","locations":[{"start":{"line":35,"column":17},"end":{"line":35,"column":20}}],"line":35},"1":{"loc":{"start":{"line":36,"column":2},"end":{"line":36,"column":21}},"type":"default-arg","locations":[{"start":{"line":36,"column":9},"end":{"line":36,"column":21}}],"line":36},"2":{"loc":{"start":{"line":40,"column":2},"end":{"line":40,"column":26}},"type":"default-arg","locations":[{"start":{"line":40,"column":24},"end":{"line":40,"column":26}}],"line":40},"3":{"loc":{"start":{"line":52,"column":11},"end":{"line":52,"column":46}},"type":"cond-expr","locations":[{"start":{"line":52,"column":27},"end":{"line":52,"column":40}},{"start":{"line":52,"column":43},"end":{"line":52,"column":46}}],"line":52},"4":{"loc":{"start":{"line":59,"column":6},"end":{"line":65,"column":7}},"type":"if","locations":[{"start":{"line":59,"column":6},"end":{"line":65,"column":7}},{"start":{},"end":{}}],"line":59},"5":{"loc":{"start":{"line":62,"column":8},"end":{"line":64,"column":9}},"type":"if","locations":[{"start":{"line":62,"column":8},"end":{"line":64,"column":9}},{"start":{},"end":{}}],"line":62},"6":{"loc":{"start":{"line":62,"column":12},"end":{"line":62,"column":67}},"type":"binary-expr","locations":[{"start":{"line":62,"column":12},"end":{"line":62,"column":38}},{"start":{"line":62,"column":42},"end":{"line":62,"column":67}}],"line":62}},"s":{"0":1,"1":1,"2":8,"3":8,"4":8,"5":2,"6":2,"7":8,"8":8,"9":8,"10":32,"11":32,"12":32,"13":32,"14":32,"15":0,"16":8},"f":{"0":8,"1":2,"2":8,"3":32},"b":{"0":[0],"1":[7],"2":[8],"3":[8,0],"4":[32,0],"5":[32,0],"6":[32,8]},"_coverageSchema":"1a1c01bbd47fc00a2c39e90264f33305004495a9","hash":"de26485d342876ac9e3ce3dce74e3dcf132f4e97"}
,"E:\\vscode\\component-lib\\Forge_Design\\src\\components\\Menu\\menuItem.tsx": {"path":"E:\\vscode\\component-lib\\Forge_Design\\src\\components\\Menu\\menuItem.tsx","statementMap":{"0":{"start":{"line":11,"column":42},"end":{"line":34,"column":1}},"1":{"start":{"line":18,"column":18},"end":{"line":18,"column":41}},"2":{"start":{"line":19,"column":18},"end":{"line":22,"column":4}},"3":{"start":{"line":23,"column":22},"end":{"line":27,"column":3}},"4":{"start":{"line":24,"column":4},"end":{"line":26,"column":5}},"5":{"start":{"line":25,"column":6},"end":{"line":25,"column":30}},"6":{"start":{"line":29,"column":2},"end":{"line":33,"column":4}},"7":{"start":{"line":35,"column":0},"end":{"line":35,"column":34}}},"fnMap":{"0":{"name":"(anonymous_0)","decl":{"start":{"line":11,"column":42},"end":{"line":11,"column":43}},"loc":{"start":{"line":17,"column":6},"end":{"line":34,"column":1}},"line":17},"1":{"name":"(anonymous_1)","decl":{"start":{"line":23,"column":22},"end":{"line":23,"column":23}},"loc":{"start":{"line":23,"column":28},"end":{"line":27,"column":3}},"line":23}},"branchMap":{"0":{"loc":{"start":{"line":12,"column":2},"end":{"line":12,"column":13}},"type":"default-arg","locations":[{"start":{"line":12,"column":10},"end":{"line":12,"column":13}}],"line":12},"1":{"loc":{"start":{"line":24,"column":4},"end":{"line":26,"column":5}},"type":"if","locations":[{"start":{"line":24,"column":4},"end":{"line":26,"column":5}},{"start":{},"end":{}}],"line":24},"2":{"loc":{"start":{"line":24,"column":8},"end":{"line":24,"column":66}},"type":"binary-expr","locations":[{"start":{"line":24,"column":8},"end":{"line":24,"column":24}},{"start":{"line":24,"column":28},"end":{"line":24,"column":37}},{"start":{"line":24,"column":41},"end":{"line":24,"column":66}}],"line":24}},"s":{"0":1,"1":36,"2":36,"3":36,"4":3,"5":2,"6":36,"7":1},"f":{"0":36,"1":3},"b":{"0":[0],"1":[2,1],"2":[3,3,2]},"_coverageSchema":"1a1c01bbd47fc00a2c39e90264f33305004495a9","hash":"9a31b5468f555b4c9d8174fc3f44a58948788959"}
,"E:\\vscode\\component-lib\\Forge_Design\\src\\components\\Menu\\subMenu.tsx": {"path":"E:\\vscode\\component-lib\\Forge_Design\\src\\components\\Menu\\subMenu.tsx","statementMap":{"0":{"start":{"line":13,"column":40},"end":{"line":71,"column":1}},"1":{"start":{"line":19,"column":18},"end":{"line":19,"column":41}},"2":{"start":{"line":20,"column":25},"end":{"line":20,"column":69}},"3":{"start":{"line":22,"column":4},"end":{"line":24,"column":13}},"4":{"start":{"line":25,"column":30},"end":{"line":25,"column":48}},"5":{"start":{"line":27,"column":18},"end":{"line":30,"column":4}},"6":{"start":{"line":32,"column":22},"end":{"line":34,"column":3}},"7":{"start":{"line":33,"column":4},"end":{"line":33,"column":23}},"8":{"start":{"line":36,"column":25},"end":{"line":52,"column":3}},"9":{"start":{"line":37,"column":27},"end":{"line":39,"column":6}},"10":{"start":{"line":41,"column":30},"end":{"line":49,"column":6}},"11":{"start":{"line":42,"column":27},"end":{"line":42,"column":69}},"12":{"start":{"line":43,"column":6},"end":{"line":48,"column":7}},"13":{"start":{"line":44,"column":32},"end":{"line":44,"column":72}},"14":{"start":{"line":45,"column":8},"end":{"line":47,"column":9}},"15":{"start":{"line":46,"column":10},"end":{"line":46,"column":78}},"16":{"start":{"line":51,"column":4},"end":{"line":51,"column":67}},"17":{"start":{"line":54,"column":2},"end":{"line":70,"column":4}},"18":{"start":{"line":73,"column":0},"end":{"line":73,"column":32}}},"fnMap":{"0":{"name":"(anonymous_0)","decl":{"start":{"line":13,"column":40},"end":{"line":13,"column":41}},"loc":{"start":{"line":18,"column":6},"end":{"line":71,"column":1}},"line":18},"1":{"name":"(anonymous_1)","decl":{"start":{"line":32,"column":22},"end":{"line":32,"column":23}},"loc":{"start":{"line":32,"column":28},"end":{"line":34,"column":3}},"line":32},"2":{"name":"(anonymous_2)","decl":{"start":{"line":36,"column":25},"end":{"line":36,"column":26}},"loc":{"start":{"line":36,"column":31},"end":{"line":52,"column":3}},"line":36},"3":{"name":"(anonymous_3)","decl":{"start":{"line":41,"column":59},"end":{"line":41,"column":60}},"loc":{"start":{"line":41,"column":73},"end":{"line":49,"column":5}},"line":41}},"branchMap":{"0":{"loc":{"start":{"line":14,"column":2},"end":{"line":14,"column":13}},"type":"default-arg","locations":[{"start":{"line":14,"column":10},"end":{"line":14,"column":13}}],"line":14},"1":{"loc":{"start":{"line":22,"column":4},"end":{"line":24,"column":13}},"type":"cond-expr","locations":[{"start":{"line":23,"column":8},"end":{"line":23,"column":38}},{"start":{"line":24,"column":8},"end":{"line":24,"column":13}}],"line":22},"2":{"loc":{"start":{"line":22,"column":4},"end":{"line":22,"column":40}},"type":"binary-expr","locations":[{"start":{"line":22,"column":4},"end":{"line":22,"column":9}},{"start":{"line":22,"column":13},"end":{"line":22,"column":40}}],"line":22},"3":{"loc":{"start":{"line":43,"column":6},"end":{"line":48,"column":7}},"type":"if","locations":[{"start":{"line":43,"column":6},"end":{"line":48,"column":7}},{"start":{},"end":{}}],"line":43},"4":{"loc":{"start":{"line":45,"column":8},"end":{"line":47,"column":9}},"type":"if","locations":[{"start":{"line":45,"column":8},"end":{"line":47,"column":9}},{"start":{},"end":{}}],"line":45},"5":{"loc":{"start":{"line":62,"column":35},"end":{"line":62,"column":57}},"type":"cond-expr","locations":[{"start":{"line":62,"column":46},"end":{"line":62,"column":52}},{"start":{"line":62,"column":55},"end":{"line":62,"column":57}}],"line":62}},"s":{"0":1,"1":12,"2":12,"3":12,"4":12,"5":12,"6":12,"7":4,"8":12,"9":12,"10":12,"11":12,"12":12,"13":12,"14":12,"15":12,"16":12,"17":12,"18":1},"f":{"0":12,"1":4,"2":12,"3":12},"b":{"0":[0],"1":[1,11],"2":[12,12],"3":[12,0],"4":[12,0],"5":[3,9]},"_coverageSchema":"1a1c01bbd47fc00a2c39e90264f33305004495a9","hash":"5d513b2975c6645642542cecfb307f7707158842"}
}
