{"E:\\vscode\\component-lib\\Forge_Design\\src\\components\\Button\\button.tsx": {"path":"E:\\vscode\\component-lib\\Forge_Design\\src\\components\\Button\\button.tsx","statementMap":{"0":{"start":{"line":35,"column":38},"end":{"line":69,"column":1}},"1":{"start":{"line":44,"column":18},"end":{"line":49,"column":4}},"2":{"start":{"line":51,"column":2},"end":{"line":68,"column":3}},"3":{"start":{"line":54,"column":6},"end":{"line":54,"column":64}},"4":{"start":{"line":55,"column":4},"end":{"line":59,"column":6}},"5":{"start":{"line":62,"column":6},"end":{"line":62,"column":64}},"6":{"start":{"line":63,"column":4},"end":{"line":67,"column":6}}},"fnMap":{"0":{"name":"(anonymous_0)","decl":{"start":{"line":35,"column":38},"end":{"line":35,"column":39}},"loc":{"start":{"line":43,"column":6},"end":{"line":69,"column":1}},"line":43}},"branchMap":{"0":{"loc":{"start":{"line":37,"column":2},"end":{"line":37,"column":26}},"type":"default-arg","locations":[{"start":{"line":37,"column":9},"end":{"line":37,"column":26}}],"line":37},"1":{"loc":{"start":{"line":38,"column":2},"end":{"line":38,"column":30}},"type":"default-arg","locations":[{"start":{"line":38,"column":12},"end":{"line":38,"column":30}}],"line":38},"2":{"loc":{"start":{"line":39,"column":2},"end":{"line":39,"column":16}},"type":"default-arg","locations":[{"start":{"line":39,"column":11},"end":{"line":39,"column":16}}],"line":39},"3":{"loc":{"start":{"line":51,"column":2},"end":{"line":68,"column":3}},"type":"if","locations":[{"start":{"line":51,"column":2},"end":{"line":68,"column":3}},{"start":{"line":60,"column":9},"end":{"line":68,"column":3}}],"line":51},"4":{"loc":{"start":{"line":51,"column":6},"end":{"line":51,"column":41}},"type":"binary-expr","locations":[{"start":{"line":51,"column":6},"end":{"line":51,"column":33}},{"start":{"line":51,"column":37},"end":{"line":51,"column":41}}],"line":51}},"s":{"0":1,"1":4,"2":4,"3":1,"4":1,"5":3,"6":3},"f":{"0":4},"b":{"0":[3],"1":[2],"2":[3],"3":[1,3],"4":[4,1]},"_coverageSchema":"1a1c01bbd47fc00a2c39e90264f33305004495a9","hash":"1558a680c33a63d84e086014904be9a6fba2e72b"}
}
