TN:
SF:src\components\Button\button.tsx
FN:35,(anonymous_0)
FNF:1
FNH:1
FNDA:4,(anonymous_0)
DA:35,1
DA:44,4
DA:51,4
DA:54,1
DA:55,1
DA:62,3
DA:63,3
LF:7
LH:7
BRDA:37,0,0,3
BRDA:38,1,0,2
BRDA:39,2,0,3
BRDA:51,3,0,1
BRDA:51,3,1,3
BRDA:51,4,0,4
BRDA:51,4,1,1
BRF:7
BRH:7
end_of_record
TN:
SF:src\components\Menu\menu.tsx
FN:21,(anonymous_0)
FN:36,(anonymous_1)
FNF:2
FNH:1
FNDA:3,(anonymous_0)
FNDA:0,(anonymous_1)
DA:20,1
DA:21,1
DA:30,3
DA:31,3
DA:36,3
DA:37,0
DA:38,0
DA:39,0
DA:42,3
DA:46,3
LF:10
LH:7
BRDA:22,0,0,0
BRDA:23,1,0,3
BRDA:38,2,0,0
BRDA:38,2,1,0
BRDA:43,3,0,0
BRDA:43,3,1,3
BRF:6
BRH:2
end_of_record
TN:
SF:src\components\Menu\menuItem.tsx
FN:11,(anonymous_0)
FN:23,(anonymous_1)
FNF:2
FNH:1
FNDA:9,(anonymous_0)
FNDA:0,(anonymous_1)
DA:11,1
DA:18,9
DA:19,9
DA:23,9
DA:24,0
DA:25,0
DA:29,9
LF:7
LH:5
BRDA:12,0,0,0
BRDA:24,1,0,0
BRDA:24,1,1,0
BRDA:24,2,0,0
BRDA:24,2,1,0
BRF:5
BRH:0
end_of_record
