TN:
SF:src\components\Button\Button.tsx
FN:48,(anonymous_0)
FNF:1
FNH:1
FNDA:4,(anonymous_0)
DA:48,1
DA:57,4
DA:64,4
DA:67,1
DA:68,1
DA:75,3
DA:76,3
LF:7
LH:7
BRDA:50,0,0,3
BRDA:51,1,0,2
BRDA:52,2,0,3
BRDA:64,3,0,1
BRDA:64,3,1,3
BRDA:64,4,0,4
BRDA:64,4,1,1
BRF:7
BRH:7
end_of_record
TN:
SF:src\components\Menu\menu.tsx
FN:34,(anonymous_0)
FN:47,(anonymous_1)
FN:57,(anonymous_2)
FN:58,(anonymous_3)
FNF:4
FNH:4
FNDA:8,(anonymous_0)
FNDA:2,(anonymous_1)
FNDA:8,(anonymous_2)
FNDA:32,(anonymous_3)
DA:33,1
DA:34,1
DA:42,8
DA:43,8
DA:47,8
DA:48,2
DA:49,2
DA:51,8
DA:57,8
DA:58,8
DA:59,32
DA:60,32
DA:61,32
DA:62,32
DA:63,32
DA:66,0
DA:69,8
LF:17
LH:16
BRDA:35,0,0,0
BRDA:36,1,0,7
BRDA:40,2,0,8
BRDA:52,3,0,8
BRDA:52,3,1,0
BRDA:59,4,0,32
BRDA:59,4,1,0
BRDA:62,5,0,32
BRDA:62,5,1,0
BRDA:62,6,0,32
BRDA:62,6,1,8
BRF:11
BRH:7
end_of_record
TN:
SF:src\components\Menu\menuItem.tsx
FN:11,(anonymous_0)
FN:23,(anonymous_1)
FNF:2
FNH:2
FNDA:36,(anonymous_0)
FNDA:3,(anonymous_1)
DA:11,1
DA:18,36
DA:19,36
DA:23,36
DA:24,3
DA:25,2
DA:29,36
DA:35,1
LF:8
LH:8
BRDA:12,0,0,0
BRDA:24,1,0,2
BRDA:24,1,1,1
BRDA:24,2,0,3
BRDA:24,2,1,3
BRDA:24,2,2,2
BRF:6
BRH:5
end_of_record
TN:
SF:src\components\Menu\subMenu.tsx
FN:13,(anonymous_0)
FN:32,(anonymous_1)
FN:36,(anonymous_2)
FN:41,(anonymous_3)
FNF:4
FNH:4
FNDA:12,(anonymous_0)
FNDA:4,(anonymous_1)
FNDA:12,(anonymous_2)
FNDA:12,(anonymous_3)
DA:13,1
DA:19,12
DA:20,12
DA:22,12
DA:25,12
DA:27,12
DA:32,12
DA:33,4
DA:36,12
DA:37,12
DA:41,12
DA:42,12
DA:43,12
DA:44,12
DA:45,12
DA:46,12
DA:51,12
DA:54,12
DA:73,1
LF:19
LH:19
BRDA:14,0,0,0
BRDA:22,1,0,1
BRDA:22,1,1,11
BRDA:22,2,0,12
BRDA:22,2,1,12
BRDA:43,3,0,12
BRDA:43,3,1,0
BRDA:45,4,0,12
BRDA:45,4,1,0
BRDA:62,5,0,3
BRDA:62,5,1,9
BRF:11
BRH:8
end_of_record
